<?xml version="1.0" encoding="UTF-8"?>
<testsuite xmlns:xsi="http://www.w3.org/2001/XMLSchema-instance" xsi:noNamespaceSchemaLocation="https://maven.apache.org/surefire/maven-surefire-plugin/xsd/surefire-test-report-3.0.xsd" version="3.0" name="BookStoreTests" time="0.15" tests="6" errors="0" skipped="0" failures="0">
  <properties>
[...]
</properties>
  <testcase name="testAddBook" classname="BookStoreTests" time="0.056">
    <system-out><![CDATA[Book Book1 added successfully
]]></system-out>
  </testcase>
  <testcase name="testBuyBookWithInsufficientStock" classname="BookStoreTests" time="0.005">
    <system-out><![CDATA[Book Book7 added successfully
]]></system-out>
  </testcase>
  <testcase name="testBuyPaperBookSuccess" classname="BookStoreTests" time="0.022">
    <system-out><![CDATA[Book Book4 added successfully
The book is shipped to giza, Egypt
2x "Book4" purchased.
]]></system-out>
  </testcase>
  <testcase name="testRemoveOutdatedBooks" classname="BookStoreTests" time="0.016">
    <system-out><![CDATA[Book Book2 added successfully
Book Book3 added successfully
]]></system-out>
  </testcase>
  <testcase name="testBuyEBookSuccess" classname="BookStoreTests" time="0.007">
    <system-out><![CDATA[Book Book5 added successfully
The book is sent to afnan@gmail.com
1x "Book5" purchased.
]]></system-out>
  </testcase>
  <testcase name="testBuyDemoBookThrowsException" classname="BookStoreTests" time="0.003">
    <system-out><![CDATA[Book Book6 added successfully
]]></system-out>
  </testcase>
</testsuite>